[0.128s] Invoking command in '/home/dawgs_nx/dawgs_f1tenth/01_labs/lab1/build/lab1_introduction': CMAKE_PREFIX_PATH=/opt/ros/foxy /usr/bin/cmake --build /home/dawgs_nx/dawgs_f1tenth/01_labs/lab1/build/lab1_introduction -- -j6 -l6
[0.412s] [35m[1mScanning dependencies of target ackermann_talker[0m
[0.669s] [ 50%] [32mBuilding CXX object CMakeFiles/ackermann_talker.dir/src/ackermann_talker.cpp.o[0m
[8.320s] [01m[K/home/dawgs_nx/dawgs_f1tenth/01_labs/lab1/src/lab1_introduction/src/ackermann_talker.cpp:[m[K In constructor â€˜[01m[KAckermannTalker::AckermannTalker()[m[Kâ€™:
[8.321s] [01m[K/home/dawgs_nx/dawgs_f1tenth/01_labs/lab1/src/lab1_introduction/src/ackermann_talker.cpp:12:90:[m[K [01;31m[Kerror: [m[Kexpected â€˜[01m[K;[m[Kâ€™ before â€˜[01m[Ksteering_gain_[m[Kâ€™
[8.321s]    12 |   right_steering_end_point_ = declare_parameter<double>("right_steering_end_point_", 1.0)
[8.323s]       |                                                                                          [01;31m[K^[m[K
[8.324s]       |                                                                                          [32m[K;[m[K
[8.325s]    13 |   [32m[Ksteering_gain_[m[K = declare_parameter("steering_gain", 1.0).get<double>();
[8.325s]       |   [32m[K~~~~~~~~~~~~~~[m[K                                                                          
[8.326s] [01m[K/home/dawgs_nx/dawgs_f1tenth/01_labs/lab1/src/lab1_introduction/src/ackermann_talker.cpp:14:64:[m[K [01;31m[Kerror: [m[Krequest for member â€˜[01m[Kget[m[Kâ€™ in â€˜[01m[K((AckermannTalker*)this)->AckermannTalker::<anonymous>.rclcpp::Node::declare_parameter<double>(std::__cxx11::basic_string<char>(((const char*)"steering_offset"), std::allocator<char>()), 0.0, rcl_interfaces::msg::ParameterDescriptor_<std::allocator<void> >(rosidl_runtime_cpp::MessageInitialization::ALL), false)[m[Kâ€™, which is of non-class type â€˜[01m[Kdouble[m[Kâ€™
[8.326s]    14 |   steering_offset_ = declare_parameter("steering_offset", 0.0).[01;31m[Kget[m[K<double>();
[8.327s]       |                                                                [01;31m[K^~~[m[K
[8.328s] [01m[K/home/dawgs_nx/dawgs_f1tenth/01_labs/lab1/src/lab1_introduction/src/ackermann_talker.cpp:14:68:[m[K [01;31m[Kerror: [m[Kexpected primary-expression before â€˜[01m[Kdouble[m[Kâ€™
[8.328s]    14 |   steering_offset_ = declare_parameter("steering_offset", 0.0).get<[01;31m[Kdouble[m[K>();
[8.329s]       |                                                                    [01;31m[K^~~~~~[m[K
[8.329s] [01m[K/home/dawgs_nx/dawgs_f1tenth/01_labs/lab1/src/lab1_introduction/src/ackermann_talker.cpp:18:129:[m[K [01;31m[Kerror: [m[Kâ€˜[01m[Kstd::placeholder[m[Kâ€™ has not been declared
[8.329s]    18 | msg::Joy>("joy", 10, std::bind(&AckermannTalker::joy_callback_, this, std::[01;31m[Kplaceholder[m[K::_1));
[8.330s]       |                                                                            [01;31m[K^~~~~~~~~~~[m[K
[8.330s] 
[12.488s] make[2]: *** [CMakeFiles/ackermann_talker.dir/build.make:63: CMakeFiles/ackermann_talker.dir/src/ackermann_talker.cpp.o] Error 1
[12.489s] make[1]: *** [CMakeFiles/Makefile2:78: CMakeFiles/ackermann_talker.dir/all] Error 2
[12.491s] make: *** [Makefile:141: all] Error 2
[12.519s] Invoked command in '/home/dawgs_nx/dawgs_f1tenth/01_labs/lab1/build/lab1_introduction' returned '2': CMAKE_PREFIX_PATH=/opt/ros/foxy /usr/bin/cmake --build /home/dawgs_nx/dawgs_f1tenth/01_labs/lab1/build/lab1_introduction -- -j6 -l6
