[0.132s] Invoking command in '/home/dawgs_nx/dawgs_f1tenth/01_labs/lab1/build/lab1_introduction': CMAKE_PREFIX_PATH=/opt/ros/foxy /usr/bin/cmake --build /home/dawgs_nx/dawgs_f1tenth/01_labs/lab1/build/lab1_introduction -- -j6 -l6
[0.327s] -- Found ament_cmake: 0.9.12 (/opt/ros/foxy/share/ament_cmake/cmake)
[0.474s] -- Using PYTHON_EXECUTABLE: /usr/bin/python3
[1.589s] -- Override CMake install command with custom implementation using symlinks instead of copying resources
[1.646s] -- Found rclcpp: 2.4.3 (/opt/ros/foxy/share/rclcpp/cmake)
[1.879s] -- Using all available rosidl_typesupport_c: rosidl_typesupport_fastrtps_c;rosidl_typesupport_introspection_c
[1.902s] -- Found rosidl_adapter: 1.3.1 (/opt/ros/foxy/share/rosidl_adapter/cmake)
[2.593s] -- Using all available rosidl_typesupport_cpp: rosidl_typesupport_fastrtps_cpp;rosidl_typesupport_introspection_cpp
[2.938s] -- Found rmw_implementation_cmake: 1.0.4 (/opt/ros/foxy/share/rmw_implementation_cmake/cmake)
[2.947s] -- Using RMW implementation 'rmw_fastrtps_cpp' as default
[3.827s] -- Found ackermann_msgs: 2.0.2 (/opt/ros/foxy/share/ackermann_msgs/cmake)
[4.011s] -- Found sensor_msgs: 2.0.5 (/opt/ros/foxy/share/sensor_msgs/cmake)
[4.565s] -- Found ament_lint_auto: 0.9.8 (/opt/ros/foxy/share/ament_lint_auto/cmake)
[4.966s] -- Added test 'copyright' to check source files copyright and LICENSE
[4.975s] -- Added test 'cppcheck' to perform static code analysis on C / C++ code
[4.976s] -- Configured cppcheck include dirs: 
[4.977s] -- Configured cppcheck exclude dirs and/or files: 
[4.982s] -- Added test 'cpplint' to check C / C++ code against the Google style
[4.982s] -- Configured cpplint exclude dirs and/or files: 
[4.986s] -- Added test 'lint_cmake' to check CMake code style
[4.994s] -- Added test 'uncrustify' to check C / C++ code style
[4.995s] -- Configured uncrustify additional arguments: 
[4.997s] -- Added test 'xmllint' to check XML markup files
[5.021s] -- Configuring done
[5.078s] -- Generating done
[5.091s] -- Build files have been written to: /home/dawgs_nx/dawgs_f1tenth/01_labs/lab1/build/lab1_introduction
[5.286s] [35m[1mScanning dependencies of target ackermann_talker[0m
[5.375s] [ 50%] [32mBuilding CXX object CMakeFiles/ackermann_talker.dir/src/ackermann_talker.cpp.o[0m
[5.464s] [01m[K/home/dawgs_nx/dawgs_f1tenth/01_labs/lab1/src/lab1_introduction/src/ackermann_talker.cpp:5:10:[m[K [01;31m[Kfatal error: [m[Klab1_introduction/ackermann_talker.hpp: No such file or directory
[5.464s]     5 | #include [01;31m[K"lab1_introduction/ackermann_talker.hpp"[m[K
[5.465s]       |          [01;31m[K^~~~~~~~~~~~~~~~~~~~~~~~~~~~~~~~~~~~~~~~[m[K
[5.465s] compilation terminated.
[5.470s] make[2]: *** [CMakeFiles/ackermann_talker.dir/build.make:63: CMakeFiles/ackermann_talker.dir/src/ackermann_talker.cpp.o] Error 1
[5.472s] make[1]: *** [CMakeFiles/Makefile2:78: CMakeFiles/ackermann_talker.dir/all] Error 2
[5.473s] make: *** [Makefile:141: all] Error 2
[5.486s] Invoked command in '/home/dawgs_nx/dawgs_f1tenth/01_labs/lab1/build/lab1_introduction' returned '2': CMAKE_PREFIX_PATH=/opt/ros/foxy /usr/bin/cmake --build /home/dawgs_nx/dawgs_f1tenth/01_labs/lab1/build/lab1_introduction -- -j6 -l6
