[0.100s] Invoking command in '/home/dawgs_nx/dawgs_f1tenth/01_labs/lab1/build/lab1_introduction': CMAKE_PREFIX_PATH=/opt/ros/foxy /usr/bin/cmake /home/dawgs_nx/dawgs_f1tenth/01_labs/lab1/src/lab1_introduction -DAMENT_CMAKE_SYMLINK_INSTALL=1 -DCMAKE_INSTALL_PREFIX=/home/dawgs_nx/dawgs_f1tenth/01_labs/lab1/install/lab1_introduction
[0.681s] -- The C compiler identification is GNU 9.4.0
[1.308s] -- The CXX compiler identification is GNU 9.4.0
[1.377s] -- Check for working C compiler: /usr/bin/cc
[2.028s] -- Check for working C compiler: /usr/bin/cc -- works
[2.040s] -- Detecting C compiler ABI info
[2.604s] -- Detecting C compiler ABI info - done
[2.680s] -- Detecting C compile features
[2.684s] -- Detecting C compile features - done
[2.704s] -- Check for working CXX compiler: /usr/bin/c++
[3.261s] -- Check for working CXX compiler: /usr/bin/c++ -- works
[3.269s] -- Detecting CXX compiler ABI info
[3.888s] -- Detecting CXX compiler ABI info - done
[3.970s] -- Detecting CXX compile features
[3.976s] -- Detecting CXX compile features - done
[3.999s] -- Found ament_cmake: 0.9.12 (/opt/ros/foxy/share/ament_cmake/cmake)
[4.160s] -- Found PythonInterp: /usr/bin/python3 (found suitable version "3.8.10", minimum required is "3") 
[4.161s] -- Using PYTHON_EXECUTABLE: /usr/bin/python3
[5.325s] -- Override CMake install command with custom implementation using symlinks instead of copying resources
[5.501s] -- Found rclcpp: 2.4.3 (/opt/ros/foxy/share/rclcpp/cmake)
[5.838s] -- Using all available rosidl_typesupport_c: rosidl_typesupport_fastrtps_c;rosidl_typesupport_introspection_c
[5.889s] -- Found rosidl_adapter: 1.3.1 (/opt/ros/foxy/share/rosidl_adapter/cmake)
[6.564s] -- Found OpenSSL: /usr/lib/aarch64-linux-gnu/libcrypto.so (found version "1.1.1f")  
[6.751s] -- Found FastRTPS: /opt/ros/foxy/include  
[7.295s] -- Using all available rosidl_typesupport_cpp: rosidl_typesupport_fastrtps_cpp;rosidl_typesupport_introspection_cpp
[7.696s] -- Found rmw_implementation_cmake: 1.0.4 (/opt/ros/foxy/share/rmw_implementation_cmake/cmake)
[7.705s] -- Using RMW implementation 'rmw_fastrtps_cpp' as default
[7.713s] -- Looking for pthread.h
[8.288s] -- Looking for pthread.h - found
[8.290s] -- Performing Test CMAKE_HAVE_LIBC_PTHREAD
[8.907s] -- Performing Test CMAKE_HAVE_LIBC_PTHREAD - Failed
[8.909s] -- Looking for pthread_create in pthreads
[9.410s] -- Looking for pthread_create in pthreads - not found
[9.412s] -- Looking for pthread_create in pthread
[10.000s] -- Looking for pthread_create in pthread - found
[10.010s] -- Found Threads: TRUE  
[11.103s] -- Found ackermann_msgs: 2.0.2 (/opt/ros/foxy/share/ackermann_msgs/cmake)
[11.289s] -- Found sensor_msgs: 2.0.5 (/opt/ros/foxy/share/sensor_msgs/cmake)
[11.868s] -- Found ament_lint_auto: 0.9.8 (/opt/ros/foxy/share/ament_lint_auto/cmake)
[12.344s] -- Added test 'copyright' to check source files copyright and LICENSE
[12.358s] -- Added test 'cppcheck' to perform static code analysis on C / C++ code
[12.361s] -- Configured cppcheck include dirs: 
[12.362s] -- Configured cppcheck exclude dirs and/or files: 
[12.371s] -- Added test 'cpplint' to check C / C++ code against the Google style
[12.372s] -- Configured cpplint exclude dirs and/or files: 
[12.378s] -- Added test 'lint_cmake' to check CMake code style
[12.390s] -- Added test 'uncrustify' to check C / C++ code style
[12.391s] -- Configured uncrustify additional arguments: 
[12.396s] -- Added test 'xmllint' to check XML markup files
[12.431s] -- Configuring done
[12.483s] -- Generating done
[12.495s] -- Build files have been written to: /home/dawgs_nx/dawgs_f1tenth/01_labs/lab1/build/lab1_introduction
[12.568s] Invoked command in '/home/dawgs_nx/dawgs_f1tenth/01_labs/lab1/build/lab1_introduction' returned '0': CMAKE_PREFIX_PATH=/opt/ros/foxy /usr/bin/cmake /home/dawgs_nx/dawgs_f1tenth/01_labs/lab1/src/lab1_introduction -DAMENT_CMAKE_SYMLINK_INSTALL=1 -DCMAKE_INSTALL_PREFIX=/home/dawgs_nx/dawgs_f1tenth/01_labs/lab1/install/lab1_introduction
[12.585s] Invoking command in '/home/dawgs_nx/dawgs_f1tenth/01_labs/lab1/build/lab1_introduction': CMAKE_PREFIX_PATH=/opt/ros/foxy /usr/bin/cmake --build /home/dawgs_nx/dawgs_f1tenth/01_labs/lab1/build/lab1_introduction -- -j6 -l6
[12.920s] [35m[1mScanning dependencies of target ackermann_talker[0m
[13.040s] [ 50%] [32mBuilding CXX object CMakeFiles/ackermann_talker.dir/src/ackermann_talker.cpp.o[0m
[13.116s] [01m[K/home/dawgs_nx/dawgs_f1tenth/01_labs/lab1/src/lab1_introduction/src/ackermann_talker.cpp:5:10:[m[K [01;31m[Kfatal error: [m[Klab1_introduction/ackermann_talker.hpp: No such file or directory
[13.117s]     5 | #include [01;31m[K"lab1_introduction/ackermann_talker.hpp"[m[K
[13.118s]       |          [01;31m[K^~~~~~~~~~~~~~~~~~~~~~~~~~~~~~~~~~~~~~~~[m[K
[13.118s] compilation terminated.
[13.120s] make[2]: *** [CMakeFiles/ackermann_talker.dir/build.make:63: CMakeFiles/ackermann_talker.dir/src/ackermann_talker.cpp.o] Error 1
[13.122s] make[1]: *** [CMakeFiles/Makefile2:78: CMakeFiles/ackermann_talker.dir/all] Error 2
[13.123s] make: *** [Makefile:141: all] Error 2
[13.150s] Invoked command in '/home/dawgs_nx/dawgs_f1tenth/01_labs/lab1/build/lab1_introduction' returned '2': CMAKE_PREFIX_PATH=/opt/ros/foxy /usr/bin/cmake --build /home/dawgs_nx/dawgs_f1tenth/01_labs/lab1/build/lab1_introduction -- -j6 -l6
