-- The C compiler identification is GNU 9.4.0
-- The CXX compiler identification is GNU 9.4.0
-- Check for working C compiler: /usr/bin/cc
-- Check for working C compiler: /usr/bin/cc -- works
-- Detecting C compiler ABI info
-- Detecting C compiler ABI info - done
-- Detecting C compile features
-- Detecting C compile features - done
-- Check for working CXX compiler: /usr/bin/c++
-- Check for working CXX compiler: /usr/bin/c++ -- works
-- Detecting CXX compiler ABI info
-- Detecting CXX compiler ABI info - done
-- Detecting CXX compile features
-- Detecting CXX compile features - done
-- Found ament_cmake: 0.9.12 (/opt/ros/foxy/share/ament_cmake/cmake)
-- Found PythonInterp: /usr/bin/python3 (found suitable version "3.8.10", minimum required is "3") 
-- Using PYTHON_EXECUTABLE: /usr/bin/python3
-- Override CMake install command with custom implementation using symlinks instead of copying resources
-- Found rclcpp: 2.4.3 (/opt/ros/foxy/share/rclcpp/cmake)
-- Using all available rosidl_typesupport_c: rosidl_typesupport_fastrtps_c;rosidl_typesupport_introspection_c
-- Found rosidl_adapter: 1.3.1 (/opt/ros/foxy/share/rosidl_adapter/cmake)
-- Found OpenSSL: /usr/lib/aarch64-linux-gnu/libcrypto.so (found version "1.1.1f")  
-- Found FastRTPS: /opt/ros/foxy/include  
-- Using all available rosidl_typesupport_cpp: rosidl_typesupport_fastrtps_cpp;rosidl_typesupport_introspection_cpp
-- Found rmw_implementation_cmake: 1.0.4 (/opt/ros/foxy/share/rmw_implementation_cmake/cmake)
-- Using RMW implementation 'rmw_fastrtps_cpp' as default
-- Looking for pthread.h
-- Looking for pthread.h - found
-- Performing Test CMAKE_HAVE_LIBC_PTHREAD
-- Performing Test CMAKE_HAVE_LIBC_PTHREAD - Failed
-- Looking for pthread_create in pthreads
-- Looking for pthread_create in pthreads - not found
-- Looking for pthread_create in pthread
-- Looking for pthread_create in pthread - found
-- Found Threads: TRUE  
-- Found ackermann_msgs: 2.0.2 (/opt/ros/foxy/share/ackermann_msgs/cmake)
-- Found sensor_msgs: 2.0.5 (/opt/ros/foxy/share/sensor_msgs/cmake)
-- Found ament_lint_auto: 0.9.8 (/opt/ros/foxy/share/ament_lint_auto/cmake)
-- Added test 'copyright' to check source files copyright and LICENSE
-- Added test 'cppcheck' to perform static code analysis on C / C++ code
-- Configured cppcheck include dirs: /home/dawgs_nx/dawgs_f1tenth/labs_f1tenth/lab1/src/lab1_introduction/include
-- Configured cppcheck exclude dirs and/or files: 
-- Added test 'cpplint' to check C / C++ code against the Google style
-- Configured cpplint exclude dirs and/or files: 
-- Added test 'flake8' to check Python code syntax and style conventions
-- Added test 'lint_cmake' to check CMake code style
-- Added test 'pep257' to check Python code against some of the style conventions in PEP 257
-- Added test 'uncrustify' to check C / C++ code style
-- Configured uncrustify additional arguments: 
-- Added test 'xmllint' to check XML markup files
-- Configuring done
-- Generating done
-- Build files have been written to: /home/dawgs_nx/dawgs_f1tenth/labs_f1tenth/lab1/build/lab1_introduction
[35m[1mScanning dependencies of target talker[0m
[35m[1mScanning dependencies of target relay[0m
[35m[1mScanning dependencies of target ackermann_talker[0m
[ 16%] [32mBuilding CXX object CMakeFiles/talker.dir/src/talker.cpp.o[0m
[ 33%] [32mBuilding CXX object CMakeFiles/relay.dir/src/relay.cpp.o[0m
[ 50%] [32mBuilding CXX object CMakeFiles/ackermann_talker.dir/src/ackermann_talker.cpp.o[0m
[01m[K/home/dawgs_nx/dawgs_f1tenth/labs_f1tenth/lab1/src/lab1_introduction/src/talker.cpp:[m[K In constructor â€˜[01m[KTalker::Talker()[m[Kâ€™:
[01m[K/home/dawgs_nx/dawgs_f1tenth/labs_f1tenth/lab1/src/lab1_introduction/src/talker.cpp:17:99:[m[K [01;31m[Kerror: [m[Kâ€˜[01m[Kdrive_topic[m[Kâ€™ was not declared in this scope
   17 |         ackermann_publisher_ = this->create_publisher<ackermann_msgs::msg::AckermannDriveStamped>([01;31m[Kdrive_topic[m[K, 10);
      |                                                                                                   [01;31m[K^~~~~~~~~~~[m[K
[01m[K/home/dawgs_nx/dawgs_f1tenth/labs_f1tenth/lab1/src/lab1_introduction/src/talker.cpp:[m[K In member function â€˜[01m[Kvoid Talker::publish_ackermann_topic()[m[Kâ€™:
[01m[K/home/dawgs_nx/dawgs_f1tenth/labs_f1tenth/lab1/src/lab1_introduction/src/talker.cpp:32:9:[m[K [01;31m[Kerror: [m[Kâ€˜[01m[KAckermann_msgs[m[Kâ€™ has not been declared
   32 |         [01;31m[KAckermann_msgs[m[K::msg::AckermannDriveStamped ackermann_msgs;
      |         [01;31m[K^~~~~~~~~~~~~~[m[K
[01m[K/home/dawgs_nx/dawgs_f1tenth/labs_f1tenth/lab1/src/lab1_introduction/src/talker.cpp:38:23:[m[K [01;31m[Kerror: [m[Kexpected primary-expression before â€˜[01m[K.[m[Kâ€™ token
   38 |         ackermann_msgs[01;31m[K.[m[Kdrive.speed = speed;
      |                       [01;31m[K^[m[K
[01m[K/home/dawgs_nx/dawgs_f1tenth/labs_f1tenth/lab1/src/lab1_introduction/src/talker.cpp:39:23:[m[K [01;31m[Kerror: [m[Kexpected primary-expression before â€˜[01m[K.[m[Kâ€™ token
   39 |         ackermann_msgs[01;31m[K.[m[Kdrive.steering_angle = steering_angle;
      |                       [01;31m[K^[m[K
[01m[K/home/dawgs_nx/dawgs_f1tenth/labs_f1tenth/lab1/src/lab1_introduction/src/talker.cpp:41:53:[m[K [01;31m[Kerror: [m[Kexpected primary-expression before â€˜[01m[K)[m[Kâ€™ token
   41 |         ackermann_publisher_->publish(ackermann_msgs[01;31m[K)[m[K;
      |                                                     [01;31m[K^[m[K
[01m[K/home/dawgs_nx/dawgs_f1tenth/labs_f1tenth/lab1/src/lab1_introduction/src/relay.cpp:7:1:[m[K [01;31m[Kerror: [m[Kexpected class-name before â€˜[01m[K{[m[Kâ€™ token
    7 | [01;31m[K{[m[K
      | [01;31m[K^[m[K
[01m[K/home/dawgs_nx/dawgs_f1tenth/labs_f1tenth/lab1/src/lab1_introduction/src/relay.cpp:23:5:[m[K [01;31m[Kerror: [m[Kexpected â€˜[01m[K;[m[Kâ€™ before â€˜[01m[Krclcpp[m[Kâ€™
   23 |     [01;31m[Krclcpp[m[K::Publisher<ackermann_msgs::msg::AckermannDriveStamped>::SharedPtr relay_publisher_;
      |     [01;31m[K^~~~~~[m[K
[01m[K/home/dawgs_nx/dawgs_f1tenth/labs_f1tenth/lab1/src/lab1_introduction/src/relay.cpp:[m[K In constructor â€˜[01m[KRelay::Relay()[m[Kâ€™:
[01m[K/home/dawgs_nx/dawgs_f1tenth/labs_f1tenth/lab1/src/lab1_introduction/src/relay.cpp:9:14:[m[K [01;31m[Kerror: [m[Kclass â€˜[01m[KRelay[m[Kâ€™ does not have any field named â€˜[01m[KNode[m[Kâ€™
    9 |     Relay(): [01;31m[KNode[m[K("relay")
      |              [01;31m[K^~~~[m[K
[01m[K/home/dawgs_nx/dawgs_f1tenth/labs_f1tenth/lab1/src/lab1_introduction/src/relay.cpp:14:9:[m[K [01;31m[Kerror: [m[Kâ€˜[01m[Kackermann_publisher_[m[Kâ€™ was not declared in this scope
   14 |         [01;31m[Kackermann_publisher_[m[K = this->create_publisher<ackermann_msgs::msg::AckermannDriveStamped>(drive_topic, 10);
      |         [01;31m[K^~~~~~~~~~~~~~~~~~~~[m[K
[01m[K/home/dawgs_nx/dawgs_f1tenth/labs_f1tenth/lab1/src/lab1_introduction/src/relay.cpp:14:38:[m[K [01;31m[Kerror: [m[Kâ€˜[01m[Kclass Relay[m[Kâ€™ has no member named â€˜[01m[Kcreate_publisher[m[Kâ€™
   14 |         ackermann_publisher_ = this->[01;31m[Kcreate_publisher[m[K<ackermann_msgs::msg::AckermannDriveStamped>(drive_topic, 10);
      |                                      [01;31m[K^~~~~~~~~~~~~~~~[m[K
[01m[K/home/dawgs_nx/dawgs_f1tenth/labs_f1tenth/lab1/src/lab1_introduction/src/relay.cpp:14:97:[m[K [01;31m[Kerror: [m[Kexpected primary-expression before â€˜[01m[K>[m[Kâ€™ token
   14 | publisher_ = this->create_publisher<ackermann_msgs::msg::AckermannDriveStamped[01;31m[K>[m[K(drive_topic, 10);
      |                                                                               [01;31m[K^[m[K

[01m[K/home/dawgs_nx/dawgs_f1tenth/labs_f1tenth/lab1/src/lab1_introduction/src/relay.cpp:14:99:[m[K [01;35m[Kwarning: [m[Kleft operand of comma operator has no effect [[01;35m[K-Wunused-value[m[K]
   14 | ublisher_ = this->create_publisher<ackermann_msgs::msg::AckermannDriveStamped>([01;35m[Kdrive_topic[m[K, 10);
      |                                                                                [01;35m[K^~~~~~~~~~~[m[K

[01m[K/home/dawgs_nx/dawgs_f1tenth/labs_f1tenth/lab1/src/lab1_introduction/src/relay.cpp:15:9:[m[K [01;31m[Kerror: [m[Kâ€˜[01m[Kackermann_subscriber_[m[Kâ€™ was not declared in this scope
   15 |         [01;31m[Kackermann_subscriber_[m[K = this->create_subscription<ackermann_msgs::msg::AckermannDriveStamped>(drive_relay_topic, 10, std::bind(&Relay::ackermann_callback, this, std::placeholders::_1));
      |         [01;31m[K^~~~~~~~~~~~~~~~~~~~~[m[K
[01m[K/home/dawgs_nx/dawgs_f1tenth/labs_f1tenth/lab1/src/lab1_introduction/src/relay.cpp:15:39:[m[K [01;31m[Kerror: [m[Kâ€˜[01m[Kclass Relay[m[Kâ€™ has no member named â€˜[01m[Kcreate_subscription[m[Kâ€™
   15 |         ackermann_subscriber_ = this->[01;31m[Kcreate_subscription[m[K<ackermann_msgs::msg::AckermannDriveStamped>(drive_relay_topic, 10, std::bind(&Relay::ackermann_callback, this, std::placeholders::_1));
      |                                       [01;31m[K^~~~~~~~~~~~~~~~~~~[m[K
[01m[K/home/dawgs_nx/dawgs_f1tenth/labs_f1tenth/lab1/src/lab1_introduction/src/relay.cpp:15:101:[m[K [01;31m[Kerror: [m[Kexpected primary-expression before â€˜[01m[K>[m[Kâ€™ token
   15 | criber_ = this->create_subscription<ackermann_msgs::msg::AckermannDriveStamped[01;31m[K>[m[K(drive_relay_topic, 10, std::bind(&Relay::ackermann_callback, this, std::placeholders::_1));
      |                                                                               [01;31m[K^[m[K

[01m[K/home/dawgs_nx/dawgs_f1tenth/labs_f1tenth/lab1/src/lab1_introduction/src/relay.cpp:15:103:[m[K [01;35m[Kwarning: [m[Kleft operand of comma operator has no effect [[01;35m[K-Wunused-value[m[K]
   15 | iber_ = this->create_subscription<ackermann_msgs::msg::AckermannDriveStamped>([01;35m[Kdrive_relay_topic[m[K, 10, std::bind(&Relay::ackermann_callback, this, std::placeholders::_1));
      |                                                                               [01;35m[K^~~~~~~~~~~~~~~~~[m[K

[01m[K/home/dawgs_nx/dawgs_f1tenth/labs_f1tenth/lab1/src/lab1_introduction/src/relay.cpp:15:191:[m[K [01;35m[Kwarning: [m[Kright operand of comma operator has no effect [[01;35m[K-Wunused-value[m[K]
   15 | y_topic, 10, std::bind(&Relay::ackermann_callback, this, std::placeholders::_1[01;35m[K)[m[K);
      |                                                                               [01;35m[K^[m[K

[01m[K/home/dawgs_nx/dawgs_f1tenth/labs_f1tenth/lab1/src/lab1_introduction/src/relay.cpp:[m[K In member function â€˜[01m[Kvoid Relay::ackermann_callback(ackermann_msgs::msg::AckermannDriveStamped_<std::allocator<void> >::ConstSharedPtr)[m[Kâ€™:
[01m[K/home/dawgs_nx/dawgs_f1tenth/labs_f1tenth/lab1/src/lab1_introduction/src/relay.cpp:29:42:[m[K [01;31m[Kerror: [m[Kâ€˜[01m[Kconst ConstSharedPtr[m[Kâ€™ {aka â€˜[01m[Kconst class std::shared_ptr<const ackermann_msgs::msg::AckermannDriveStamped_<std::allocator<void> > >[m[Kâ€™} has no member named â€˜[01m[Kdrive[m[Kâ€™
   29 |         double speed_new = ackermann_msg.[01;31m[Kdrive[m[K.speed * 3;
      |                                          [01;31m[K^~~~~[m[K
[01m[K/home/dawgs_nx/dawgs_f1tenth/labs_f1tenth/lab1/src/lab1_introduction/src/relay.cpp:30:51:[m[K [01;31m[Kerror: [m[Kâ€˜[01m[Kconst ConstSharedPtr[m[Kâ€™ {aka â€˜[01m[Kconst class std::shared_ptr<const ackermann_msgs::msg::AckermannDriveStamped_<std::allocator<void> > >[m[Kâ€™} has no member named â€˜[01m[Kdrive[m[Kâ€™
   30 |         double steering_angle_new = ackermann_msg.[01;31m[Kdrive[m[K.steering_angle * 3;
      |                                                   [01;31m[K^~~~~[m[K
In file included from [01m[K/opt/ros/foxy/include/rclcpp/service.hpp:34[m[K,
                 from [01m[K/opt/ros/foxy/include/rclcpp/callback_group.hpp:25[m[K,
                 from [01m[K/opt/ros/foxy/include/rclcpp/any_executable.hpp:20[m[K,
                 from [01m[K/opt/ros/foxy/include/rclcpp/memory_strategy.hpp:24[m[K,
                 from [01m[K/opt/ros/foxy/include/rclcpp/memory_strategies.hpp:18[m[K,
                 from [01m[K/opt/ros/foxy/include/rclcpp/executor_options.hpp:20[m[K,
                 from [01m[K/opt/ros/foxy/include/rclcpp/executor.hpp:33[m[K,
                 from [01m[K/opt/ros/foxy/include/rclcpp/executors/multi_threaded_executor.hpp:26[m[K,
                 from [01m[K/opt/ros/foxy/include/rclcpp/executors.hpp:21[m[K,
                 from [01m[K/opt/ros/foxy/include/rclcpp/rclcpp.hpp:146[m[K,
                 from [01m[K/home/dawgs_nx/dawgs_f1tenth/labs_f1tenth/lab1/src/lab1_introduction/src/relay.cpp:1[m[K:
[01m[K/home/dawgs_nx/dawgs_f1tenth/labs_f1tenth/lab1/src/lab1_introduction/src/relay.cpp:31:36:[m[K [01;31m[Kerror: [m[Kâ€˜[01m[Kclass Relay[m[Kâ€™ has no member named â€˜[01m[Kget_logger[m[Kâ€™
   31 |         RCLCPP_INFO_THROTTLE(this->[01;31m[Kget_logger[m[K(), *this->get_clock(), 1300, "Relay msg v: %.2lf, d: %.2lf", speed_new, steering_angle_new);
      |                                    [01;31m[K^~~~~~~~~~[m[K
[01m[K/home/dawgs_nx/dawgs_f1tenth/labs_f1tenth/lab1/src/lab1_introduction/src/relay.cpp:31:36:[m[K [01;31m[Kerror: [m[Kâ€˜[01m[Kclass Relay[m[Kâ€™ has no member named â€˜[01m[Kget_logger[m[Kâ€™
[01m[K/home/dawgs_nx/dawgs_f1tenth/labs_f1tenth/lab1/src/lab1_introduction/src/relay.cpp:31:9:[m[K [01;31m[Kerror: [m[Ktemplate argument 1 is invalid
   31 |         [01;31m[KRCLCPP_INFO_THROTTLE[m[K(this->get_logger(), *this->get_clock(), 1300, "Relay msg v: %.2lf, d: %.2lf", speed_new, steering_angle_new);
      |         [01;31m[K^~~~~~~~~~~~~~~~~~~~[m[K
[01m[K/home/dawgs_nx/dawgs_f1tenth/labs_f1tenth/lab1/src/lab1_introduction/src/relay.cpp:31:9:[m[K [01;31m[Kerror: [m[Ktemplate argument 1 is invalid
   31 |         [01;31m[KRCLCPP_INFO_THROTTLE[m[K(this->get_logger(), *this->get_clock(), 1300, "Relay msg v: %.2lf, d: %.2lf", speed_new, steering_angle_new);
      |         [01;31m[K^~~~~~~~~~~~~~~~~~~~[m[K
[01m[K/home/dawgs_nx/dawgs_f1tenth/labs_f1tenth/lab1/src/lab1_introduction/src/relay.cpp:31:9:[m[K [01;31m[Kerror: [m[Ktemplate argument 1 is invalid
   31 |         [01;31m[KRCLCPP_INFO_THROTTLE[m[K(this->get_logger(), *this->get_clock(), 1300, "Relay msg v: %.2lf, d: %.2lf", speed_new, steering_angle_new);
      |         [01;31m[K^~~~~~~~~~~~~~~~~~~~[m[K
[01m[K/home/dawgs_nx/dawgs_f1tenth/labs_f1tenth/lab1/src/lab1_introduction/src/relay.cpp:31:57:[m[K [01;31m[Kerror: [m[Kâ€˜[01m[Kclass Relay[m[Kâ€™ has no member named â€˜[01m[Kget_clock[m[Kâ€™
   31 |         RCLCPP_INFO_THROTTLE(this->get_logger(), *this->[01;31m[Kget_clock[m[K(), 1300, "Relay msg v: %.2lf, d: %.2lf", speed_new, steering_angle_new);
      |                                                         [01;31m[K^~~~~~~~~[m[K
[01m[K/home/dawgs_nx/dawgs_f1tenth/labs_f1tenth/lab1/src/lab1_introduction/src/relay.cpp:[m[K In lambda function:
[01m[K/home/dawgs_nx/dawgs_f1tenth/labs_f1tenth/lab1/src/lab1_introduction/src/relay.cpp:31:9:[m[K [01;31m[Kerror: [m[Kâ€˜[01m[Kc[m[Kâ€™ was not declared in this scope
   31 |         [01;31m[KRCLCPP_INFO_THROTTLE[m[K(this->get_logger(), *this->get_clock(), 1300, "Relay msg v: %.2lf, d: %.2lf", speed_new, steering_angle_new);
      |         [01;31m[K^~~~~~~~~~~~~~~~~~~~[m[K
In file included from [01m[K/opt/ros/foxy/include/rclcpp/client.hpp:40[m[K,
                 from [01m[K/opt/ros/foxy/include/rclcpp/callback_group.hpp:23[m[K,
                 from [01m[K/opt/ros/foxy/include/rclcpp/any_executable.hpp:20[m[K,
                 from [01m[K/opt/ros/foxy/include/rclcpp/memory_strategy.hpp:24[m[K,
                 from [01m[K/opt/ros/foxy/include/rclcpp/memory_strategies.hpp:18[m[K,
                 from [01m[K/opt/ros/foxy/include/rclcpp/executor_options.hpp:20[m[K,
                 from [01m[K/opt/ros/foxy/include/rclcpp/executor.hpp:33[m[K,
                 from [01m[K/opt/ros/foxy/include/rclcpp/executors/multi_threaded_executor.hpp:26[m[K,
                 from [01m[K/opt/ros/foxy/include/rclcpp/executors.hpp:21[m[K,
                 from [01m[K/opt/ros/foxy/include/rclcpp/rclcpp.hpp:146[m[K,
                 from [01m[K/home/dawgs_nx/dawgs_f1tenth/labs_f1tenth/lab1/src/lab1_introduction/src/relay.cpp:1[m[K:
[01m[K/home/dawgs_nx/dawgs_f1tenth/labs_f1tenth/lab1/src/lab1_introduction/src/relay.cpp:[m[K In member function â€˜[01m[Kvoid Relay::ackermann_callback(ackermann_msgs::msg::AckermannDriveStamped_<std::allocator<void> >::ConstSharedPtr)[m[Kâ€™:
[01m[K/home/dawgs_nx/dawgs_f1tenth/labs_f1tenth/lab1/src/lab1_introduction/src/relay.cpp:31:36:[m[K [01;31m[Kerror: [m[Kâ€˜[01m[Kclass Relay[m[Kâ€™ has no member named â€˜[01m[Kget_logger[m[Kâ€™
   31 |         RCLCPP_INFO_THROTTLE(this->[01;31m[Kget_logger[m[K(), *this->get_clock(), 1300, "Relay msg v: %.2lf, d: %.2lf", speed_new, steering_angle_new);
      |                                    [01;31m[K^~~~~~~~~~[m[K
[01m[K/home/dawgs_nx/dawgs_f1tenth/labs_f1tenth/lab1/src/lab1_introduction/src/relay.cpp:31:36:[m[K [01;31m[Kerror: [m[Kâ€˜[01m[Kclass Relay[m[Kâ€™ has no member named â€˜[01m[Kget_logger[m[Kâ€™
   31 |         RCLCPP_INFO_THROTTLE(this->[01;31m[Kget_logger[m[K(), *this->get_clock(), 1300, "Relay msg v: %.2lf, d: %.2lf", speed_new, steering_angle_new);
      |                                    [01;31m[K^~~~~~~~~~[m[K
[01m[K/home/dawgs_nx/dawgs_f1tenth/labs_f1tenth/lab1/src/lab1_introduction/src/relay.cpp:36:9:[m[K [01;31m[Kerror: [m[Kâ€˜[01m[Krelay_publisher_[m[Kâ€™ was not declared in this scope; did you mean â€˜[01m[Krcl_publisher_t[m[Kâ€™?
   36 |         [01;31m[Krelay_publisher_[m[K->publish(drive_relay_msg);
      |         [01;31m[K^~~~~~~~~~~~~~~~[m[K
      |         [32m[Krcl_publisher_t[m[K
[01m[K/home/dawgs_nx/dawgs_f1tenth/labs_f1tenth/lab1/src/lab1_introduction/src/relay.cpp:[m[K In function â€˜[01m[Kint main(int, char**)[m[Kâ€™:
[01m[K/home/dawgs_nx/dawgs_f1tenth/labs_f1tenth/lab1/src/lab1_introduction/src/relay.cpp:43:43:[m[K [01;31m[Kerror: [m[Kno matching function for call to â€˜[01m[Kspin(std::shared_ptr<Relay>)[m[Kâ€™
   43 |     rclcpp::spin(std::make_shared<Relay>()[01;31m[K)[m[K;
      |                                           [01;31m[K^[m[K
In file included from [01m[K/opt/ros/foxy/include/rclcpp/rclcpp.hpp:146[m[K,
                 from [01m[K/home/dawgs_nx/dawgs_f1tenth/labs_f1tenth/lab1/src/lab1_introduction/src/relay.cpp:1[m[K:
[01m[K/opt/ros/foxy/include/rclcpp/executors.hpp:45:1:[m[K [01;36m[Knote: [m[Kcandidate: â€˜[01m[Kvoid rclcpp::spin(rclcpp::node_interfaces::NodeBaseInterface::SharedPtr)[m[Kâ€™
   45 | [01;36m[Kspin[m[K(rclcpp::node_interfaces::NodeBaseInterface::SharedPtr node_ptr);
      | [01;36m[K^~~~[m[K
[01m[K/opt/ros/foxy/include/rclcpp/executors.hpp:45:60:[m[K [01;36m[Knote: [m[K  no known conversion for argument 1 from â€˜[01m[Kshared_ptr<[01;32m[KRelay[m[K>[m[Kâ€™ to â€˜[01m[Kshared_ptr<[01;32m[Krclcpp::node_interfaces::NodeBaseInterface[m[K>[m[Kâ€™
   45 | spin([01;36m[Krclcpp::node_interfaces::NodeBaseInterface::SharedPtr node_ptr[m[K);
      |      [01;36m[K~~~~~~~~~~~~~~~~~~~~~~~~~~~~~~~~~~~~~~~~~~~~~~~~~~~~~~^~~~~~~~[m[K
[01m[K/opt/ros/foxy/include/rclcpp/executors.hpp:49:1:[m[K [01;36m[Knote: [m[Kcandidate: â€˜[01m[Kvoid rclcpp::spin(rclcpp::Node::SharedPtr)[m[Kâ€™
   49 | [01;36m[Kspin[m[K(rclcpp::Node::SharedPtr node_ptr);
      | [01;36m[K^~~~[m[K
[01m[K/opt/ros/foxy/include/rclcpp/executors.hpp:49:30:[m[K [01;36m[Knote: [m[K  no known conversion for argument 1 from â€˜[01m[Kshared_ptr<[01;32m[KRelay[m[K>[m[Kâ€™ to â€˜[01m[Kshared_ptr<[01;32m[Krclcpp::Node[m[K>[m[Kâ€™
   49 | spin([01;36m[Krclcpp::Node::SharedPtr node_ptr[m[K);
      |      [01;36m[K~~~~~~~~~~~~~~~~~~~~~~~~^~~~~~~~[m[K
make[2]: *** [CMakeFiles/talker.dir/build.make:63: CMakeFiles/talker.dir/src/talker.cpp.o] Error 1
make[1]: *** [CMakeFiles/Makefile2:136: CMakeFiles/talker.dir/all] Error 2
make[1]: *** Waiting for unfinished jobs....
make[2]: *** [CMakeFiles/relay.dir/build.make:63: CMakeFiles/relay.dir/src/relay.cpp.o] Error 1
make[1]: *** [CMakeFiles/Makefile2:82: CMakeFiles/relay.dir/all] Error 2
[ 66%] [32m[1mLinking CXX executable ackermann_talker[0m
[ 66%] Built target ackermann_talker
make: *** [Makefile:141: all] Error 2
