[0.101s] Invoking command in '/home/dawgs_nx/dawgs_f1tenth/01_labs/lab1/build/lab1_introduction': CMAKE_PREFIX_PATH=/opt/ros/foxy /usr/bin/cmake --build /home/dawgs_nx/dawgs_f1tenth/01_labs/lab1/build/lab1_introduction -- -j6 -l6
[0.276s] -- Found ament_cmake: 0.9.12 (/opt/ros/foxy/share/ament_cmake/cmake)
[0.401s] -- Using PYTHON_EXECUTABLE: /usr/bin/python3
[1.491s] -- Override CMake install command with custom implementation using symlinks instead of copying resources
[1.545s] -- Found rclcpp: 2.4.3 (/opt/ros/foxy/share/rclcpp/cmake)
[1.771s] -- Using all available rosidl_typesupport_c: rosidl_typesupport_fastrtps_c;rosidl_typesupport_introspection_c
[1.794s] -- Found rosidl_adapter: 1.3.1 (/opt/ros/foxy/share/rosidl_adapter/cmake)
[2.446s] -- Using all available rosidl_typesupport_cpp: rosidl_typesupport_fastrtps_cpp;rosidl_typesupport_introspection_cpp
[2.707s] -- Found rmw_implementation_cmake: 1.0.4 (/opt/ros/foxy/share/rmw_implementation_cmake/cmake)
[2.714s] -- Using RMW implementation 'rmw_fastrtps_cpp' as default
[3.413s] -- Found ackermann_msgs: 2.0.2 (/opt/ros/foxy/share/ackermann_msgs/cmake)
[3.592s] -- Found sensor_msgs: 2.0.5 (/opt/ros/foxy/share/sensor_msgs/cmake)
[4.130s] -- Found ament_lint_auto: 0.9.8 (/opt/ros/foxy/share/ament_lint_auto/cmake)
[4.513s] -- Added test 'copyright' to check source files copyright and LICENSE
[4.522s] -- Added test 'cppcheck' to perform static code analysis on C / C++ code
[4.522s] -- Configured cppcheck include dirs: /home/dawgs_nx/dawgs_f1tenth/01_labs/lab1/src/lab1_introduction/include
[4.523s] -- Configured cppcheck exclude dirs and/or files: 
[4.529s] -- Added test 'cpplint' to check C / C++ code against the Google style
[4.529s] -- Configured cpplint exclude dirs and/or files: 
[4.533s] -- Added test 'lint_cmake' to check CMake code style
[4.542s] -- Added test 'uncrustify' to check C / C++ code style
[4.544s] -- Configured uncrustify additional arguments: 
[4.545s] -- Added test 'xmllint' to check XML markup files
[4.573s] -- Configuring done
[4.634s] -- Generating done
[4.647s] -- Build files have been written to: /home/dawgs_nx/dawgs_f1tenth/01_labs/lab1/build/lab1_introduction
[4.804s] [35m[1mScanning dependencies of target ackermann_talker[0m
[4.890s] [ 50%] [32mBuilding CXX object CMakeFiles/ackermann_talker.dir/src/ackermann_talker.cpp.o[0m
[13.245s] [01m[K/home/dawgs_nx/dawgs_f1tenth/01_labs/lab1/src/lab1_introduction/src/ackermann_talker.cpp:8:34:[m[K [01;31m[Kerror: [m[Kdefinition of implicitly-declared â€˜[01m[KAckermannTalker::AckermannTalker()[m[Kâ€™
[13.247s]     8 | AckermannTalker::AckermannTalker([01;31m[K)[m[K: Node("ackermann_talker")
[13.247s]       |                                  [01;31m[K^[m[K
[13.265s] [01m[K/home/dawgs_nx/dawgs_f1tenth/01_labs/lab1/src/lab1_introduction/src/ackermann_talker.cpp:[m[K In member function â€˜[01m[Kvoid AckermannTalker::joy_callback_(sensor_msgs::msg::Joy_<std::allocator<void> >::SharedPtr)[m[Kâ€™:
[13.265s] [01m[K/home/dawgs_nx/dawgs_f1tenth/01_labs/lab1/src/lab1_introduction/src/ackermann_talker.cpp:27:32:[m[K [01;31m[Kerror: [m[Kâ€˜[01m[Ksteering_gain[m[Kâ€™ was not declared in this scope; did you mean â€˜[01m[Ksteering_gain_[m[Kâ€™?
[13.266s]    27 |     double steering_gain_new = [01;31m[Ksteering_gain[m[K * abs(joy_msg->axes[0]);
[13.266s]       |                                [01;31m[K^~~~~~~~~~~~~[m[K
[13.267s]       |                                [32m[Ksteering_gain_[m[K
[13.271s] [01m[K/home/dawgs_nx/dawgs_f1tenth/01_labs/lab1/src/lab1_introduction/src/ackermann_talker.cpp:34:32:[m[K [01;31m[Kerror: [m[Kâ€˜[01m[Ksteering_gain[m[Kâ€™ was not declared in this scope; did you mean â€˜[01m[Ksteering_gain_[m[Kâ€™?
[13.272s]    34 |     double steering_gain_new = [01;31m[Ksteering_gain[m[K * abs(joy_msg->axes[0]);
[13.272s]       |                                [01;31m[K^~~~~~~~~~~~~[m[K
[13.273s]       |                                [32m[Ksteering_gain_[m[K
[16.564s] make[2]: *** [CMakeFiles/ackermann_talker.dir/build.make:63: CMakeFiles/ackermann_talker.dir/src/ackermann_talker.cpp.o] Error 1
[16.567s] make[1]: *** [CMakeFiles/Makefile2:78: CMakeFiles/ackermann_talker.dir/all] Error 2
[16.567s] make: *** [Makefile:141: all] Error 2
[16.581s] Invoked command in '/home/dawgs_nx/dawgs_f1tenth/01_labs/lab1/build/lab1_introduction' returned '2': CMAKE_PREFIX_PATH=/opt/ros/foxy /usr/bin/cmake --build /home/dawgs_nx/dawgs_f1tenth/01_labs/lab1/build/lab1_introduction -- -j6 -l6
